<buildcache>
  <projects>
    <project id="test-lib1">
      <compile-triggers>
        <fileset>
          <directory>compile/relative/path</directory>
          <includes>
            <include>compile-include-1/*</include>
            <include>compile-include-2/* </include>
          </includes>
          <excludes>
            <exclude>compile-exclude-3/*</exclude>
            <exclude></exclude>
            <exclude> </exclude>
            <exclude/>
          </excludes>
        </fileset>
        <fileset>
          <directory>/compile/absolute/path</directory>
          <follow-symlinks>true</follow-symlinks>
          <use-default-excludes>false</use-default-excludes>
          <includes>
            <include>compile-include-4/*</include>
            <include>compile-include-5/* </include>
          </includes>
          <excludes>
            <exclude>compile-exclude-6/*</exclude>
          </excludes>
        </fileset>
      </compile-triggers>
      <test-compile-triggers>
        <fileset>
          <directory>test-compile/relative/path</directory>
          <includes>
            <include>test-compile-include-1/*</include>
          </includes>
        </fileset>
      </test-compile-triggers>
      <test-triggers>
        <fileset>
          <directory>test/relative/path</directory>
          <includes></includes>
          <excludes>
            <exclude>test-exclude-1/*</exclude>
          </excludes>
        </fileset>
      </test-triggers>
      <integration-test-triggers>
        <fileset>
          <directory>/integration-test/absolute/path</directory>
          <includes>
            <include>integration-test-include-1/*</include>
          </includes>
          <excludes>
            <exclude>integration-test-exclude-1/*</exclude>
          </excludes>
        </fileset>
      </integration-test-triggers>
    </project>
    <project id="com.test:test-lib2">
      <compile-triggers>
        <fileset>
          <directory>compile/relative/path/lib2</directory>
          <includes>
            <include>compile-include-lib2/*</include>
          </includes>
          <excludes></excludes>
        </fileset>
        <fileset>
          <directory>/compile/absolute/path/lib2</directory>
        </fileset>
      </compile-triggers>
    </project>
  </projects>
</buildcache>